events.js:287
      throw er; // Unhandled 'error' event
      ^

Error: listen EADDRINUSE: address already in use :::8001
    at Server.setupListenHandle [as _listen2] (net.js:1313:16)
    at listenInCluster (net.js:1361:12)
    at Server.listen (net.js:1449:7)
    at Function.listen (/Users/yunpan/Documents/others/pgmap/server/node_modules/express/lib/application.js:618:24)
    at Object.<anonymous> (/Users/yunpan/Documents/others/pgmap/server/server.js:60:5)
    at Module._compile (internal/modules/cjs/loader.js:1133:30)
    at Object.Module._extensions..js (internal/modules/cjs/loader.js:1153:10)
    at Module.load (internal/modules/cjs/loader.js:977:32)
    at Function.Module._load (internal/modules/cjs/loader.js:877:14)
    at Function.executeUserEntryPoint [as runMain] (internal/modules/run_main.js:74:12)
Emitted 'error' event on Server instance at:
    at emitErrorNT (net.js:1340:8)
    at processTicksAndRejections (internal/process/task_queues.js:84:21) {
  code: 'EADDRINUSE',
  errno: 'EADDRINUSE',
  syscall: 'listen',
  address: '::',
  port: 8001
}
events.js:287
      throw er; // Unhandled 'error' event
      ^

Error: listen EADDRINUSE: address already in use :::8001
    at Server.setupListenHandle [as _listen2] (net.js:1313:16)
    at listenInCluster (net.js:1361:12)
    at Server.listen (net.js:1449:7)
    at Function.listen (/Users/yunpan/Documents/others/pgmap/server/node_modules/express/lib/application.js:618:24)
    at Object.<anonymous> (/Users/yunpan/Documents/others/pgmap/server/server.js:60:5)
    at Module._compile (internal/modules/cjs/loader.js:1133:30)
    at Object.Module._extensions..js (internal/modules/cjs/loader.js:1153:10)
    at Module.load (internal/modules/cjs/loader.js:977:32)
    at Function.Module._load (internal/modules/cjs/loader.js:877:14)
    at Function.executeUserEntryPoint [as runMain] (internal/modules/run_main.js:74:12)
Emitted 'error' event on Server instance at:
    at emitErrorNT (net.js:1340:8)
    at processTicksAndRejections (internal/process/task_queues.js:84:21) {
  code: 'EADDRINUSE',
  errno: 'EADDRINUSE',
  syscall: 'listen',
  address: '::',
  port: 8001
}
events.js:287
      throw er; // Unhandled 'error' event
      ^

Error: listen EADDRINUSE: address already in use :::8001
    at Server.setupListenHandle [as _listen2] (net.js:1313:16)
    at listenInCluster (net.js:1361:12)
    at Server.listen (net.js:1449:7)
    at Function.listen (/Users/yunpan/Documents/others/pgmap/server/node_modules/express/lib/application.js:618:24)
    at Object.<anonymous> (/Users/yunpan/Documents/others/pgmap/server/server.js:60:5)
    at Module._compile (internal/modules/cjs/loader.js:1133:30)
    at Object.Module._extensions..js (internal/modules/cjs/loader.js:1153:10)
    at Module.load (internal/modules/cjs/loader.js:977:32)
    at Function.Module._load (internal/modules/cjs/loader.js:877:14)
    at Function.executeUserEntryPoint [as runMain] (internal/modules/run_main.js:74:12)
Emitted 'error' event on Server instance at:
    at emitErrorNT (net.js:1340:8)
    at processTicksAndRejections (internal/process/task_queues.js:84:21) {
  code: 'EADDRINUSE',
  errno: 'EADDRINUSE',
  syscall: 'listen',
  address: '::',
  port: 8001
}
events.js:287
      throw er; // Unhandled 'error' event
      ^

Error: listen EADDRINUSE: address already in use :::8001
    at Server.setupListenHandle [as _listen2] (net.js:1313:16)
    at listenInCluster (net.js:1361:12)
    at Server.listen (net.js:1449:7)
    at Function.listen (/Users/yunpan/Documents/others/pgmap/server/node_modules/express/lib/application.js:618:24)
    at Object.<anonymous> (/Users/yunpan/Documents/others/pgmap/server/server.js:60:5)
    at Module._compile (internal/modules/cjs/loader.js:1133:30)
    at Object.Module._extensions..js (internal/modules/cjs/loader.js:1153:10)
    at Module.load (internal/modules/cjs/loader.js:977:32)
    at Function.Module._load (internal/modules/cjs/loader.js:877:14)
    at Function.executeUserEntryPoint [as runMain] (internal/modules/run_main.js:74:12)
Emitted 'error' event on Server instance at:
    at emitErrorNT (net.js:1340:8)
    at processTicksAndRejections (internal/process/task_queues.js:84:21) {
  code: 'EADDRINUSE',
  errno: 'EADDRINUSE',
  syscall: 'listen',
  address: '::',
  port: 8001
}
Server is running on port: 8001
[query]:

  SELECT schema_name
  FROM information_schema.schemata
  
[query]:

  SELECT 
    table_schema,
    table_name,
    table_type
  FROM information_schema.tables 
  WHERE table_schema = 'public'
  
[query]:

  SELECT 
  table_schema,
  table_name,
  column_name, 
  ordinal_position
  FROM information_schema.columns 
   WHERE  table_schema = 'public' 
  
[query]:

  SELECT
    rel.relname AS table_name, 
    -- rel.oid AS table_id, 
    con.conname AS constraint, 
    -- con.confrelid AS ref_Table_id, 
    (SELECT rel2.relname 
      FROM pg_catalog.pg_class rel2 
      WHERE rel2.oid = con.confrelid) AS ref_table_name,
    con.contype AS constraint_type,
    con.conkey AS columns_index, 
    con.confkey AS ref_columns_index
  FROM 
    pg_catalog.pg_constraint con
    INNER JOIN pg_catalog.pg_class rel
                ON rel.oid = con.conrelid
    INNER JOIN pg_catalog.pg_namespace nsp
                  ON nsp.oid = connamespace
   WHERE  nsp.nspname = 'public' 
  ORDER BY 
    rel.relname asc, con.contype desc
  
[query]:

  SELECT 
    table_schema,
    table_name,
    table_type
  FROM information_schema.tables 
  WHERE table_schema = 'pg_catalog'
  
[query]:

  SELECT 
  table_schema,
  table_name,
  column_name, 
  ordinal_position
  FROM information_schema.columns 
   WHERE  table_schema = 'pg_catalog' 
  
[query]:

  SELECT
    rel.relname AS table_name, 
    -- rel.oid AS table_id, 
    con.conname AS constraint, 
    -- con.confrelid AS ref_Table_id, 
    (SELECT rel2.relname 
      FROM pg_catalog.pg_class rel2 
      WHERE rel2.oid = con.confrelid) AS ref_table_name,
    con.contype AS constraint_type,
    con.conkey AS columns_index, 
    con.confkey AS ref_columns_index
  FROM 
    pg_catalog.pg_constraint con
    INNER JOIN pg_catalog.pg_class rel
                ON rel.oid = con.conrelid
    INNER JOIN pg_catalog.pg_namespace nsp
                  ON nsp.oid = connamespace
   WHERE  nsp.nspname = 'pg_catalog' 
  ORDER BY 
    rel.relname asc, con.contype desc
  
[query]:

  SELECT 
    table_schema,
    table_name,
    table_type
  FROM information_schema.tables 
  WHERE table_schema = 'public'
  
[query]:

  SELECT 
  table_schema,
  table_name,
  column_name, 
  ordinal_position
  FROM information_schema.columns 
   WHERE  table_schema = 'public' 
  
[query]:

  SELECT
    rel.relname AS table_name, 
    -- rel.oid AS table_id, 
    con.conname AS constraint, 
    -- con.confrelid AS ref_Table_id, 
    (SELECT rel2.relname 
      FROM pg_catalog.pg_class rel2 
      WHERE rel2.oid = con.confrelid) AS ref_table_name,
    con.contype AS constraint_type,
    con.conkey AS columns_index, 
    con.confkey AS ref_columns_index
  FROM 
    pg_catalog.pg_constraint con
    INNER JOIN pg_catalog.pg_class rel
                ON rel.oid = con.conrelid
    INNER JOIN pg_catalog.pg_namespace nsp
                  ON nsp.oid = connamespace
   WHERE  nsp.nspname = 'public' 
  ORDER BY 
    rel.relname asc, con.contype desc
  
events.js:287
      throw er; // Unhandled 'error' event
      ^

Error: listen EADDRINUSE: address already in use :::8001
    at Server.setupListenHandle [as _listen2] (net.js:1313:16)
    at listenInCluster (net.js:1361:12)
    at Server.listen (net.js:1449:7)
    at Function.listen (/Users/yunpan/Documents/others/pgmap/server/node_modules/express/lib/application.js:618:24)
    at Object.<anonymous> (/Users/yunpan/Documents/others/pgmap/server/server.js:60:5)
    at Module._compile (internal/modules/cjs/loader.js:1133:30)
    at Object.Module._extensions..js (internal/modules/cjs/loader.js:1153:10)
    at Module.load (internal/modules/cjs/loader.js:977:32)
    at Function.Module._load (internal/modules/cjs/loader.js:877:14)
    at Function.executeUserEntryPoint [as runMain] (internal/modules/run_main.js:74:12)
Emitted 'error' event on Server instance at:
    at emitErrorNT (net.js:1340:8)
    at processTicksAndRejections (internal/process/task_queues.js:84:21) {
  code: 'EADDRINUSE',
  errno: 'EADDRINUSE',
  syscall: 'listen',
  address: '::',
  port: 8001
}
Server is running on port: 8001
[query]:

  SELECT schema_name
  FROM information_schema.schemata
  
[query]:

  SELECT 
    table_schema,
    table_name,
    table_type
  FROM information_schema.tables 
  WHERE table_schema = 'public'
  
[query]:

  SELECT 
  table_schema,
  table_name,
  column_name, 
  ordinal_position
  FROM information_schema.columns 
   WHERE  table_schema = 'public' 
  
[query]:

  SELECT
    rel.relname AS table_name, 
    -- rel.oid AS table_id, 
    con.conname AS constraint, 
    -- con.confrelid AS ref_Table_id, 
    (SELECT rel2.relname 
      FROM pg_catalog.pg_class rel2 
      WHERE rel2.oid = con.confrelid) AS ref_table_name,
    con.contype AS constraint_type,
    con.conkey AS columns_index, 
    con.confkey AS ref_columns_index
  FROM 
    pg_catalog.pg_constraint con
    INNER JOIN pg_catalog.pg_class rel
                ON rel.oid = con.conrelid
    INNER JOIN pg_catalog.pg_namespace nsp
                  ON nsp.oid = connamespace
   WHERE  nsp.nspname = 'public' 
  ORDER BY 
    rel.relname asc, con.contype desc
  
[query]:

  SELECT 
    table_schema,
    table_name,
    table_type
  FROM information_schema.tables 
  WHERE table_schema = 'pg_catalog'
  
[query]:

  SELECT 
  table_schema,
  table_name,
  column_name, 
  ordinal_position
  FROM information_schema.columns 
   WHERE  table_schema = 'pg_catalog' 
  
[query]:

  SELECT
    rel.relname AS table_name, 
    -- rel.oid AS table_id, 
    con.conname AS constraint, 
    -- con.confrelid AS ref_Table_id, 
    (SELECT rel2.relname 
      FROM pg_catalog.pg_class rel2 
      WHERE rel2.oid = con.confrelid) AS ref_table_name,
    con.contype AS constraint_type,
    con.conkey AS columns_index, 
    con.confkey AS ref_columns_index
  FROM 
    pg_catalog.pg_constraint con
    INNER JOIN pg_catalog.pg_class rel
                ON rel.oid = con.conrelid
    INNER JOIN pg_catalog.pg_namespace nsp
                  ON nsp.oid = connamespace
   WHERE  nsp.nspname = 'pg_catalog' 
  ORDER BY 
    rel.relname asc, con.contype desc
  
[query]:

  SELECT 
    table_schema,
    table_name,
    table_type
  FROM information_schema.tables 
  WHERE table_schema = 'public'
  
[query]:

  SELECT 
  table_schema,
  table_name,
  column_name, 
  ordinal_position
  FROM information_schema.columns 
   WHERE  table_schema = 'public' 
  
[query]:

  SELECT
    rel.relname AS table_name, 
    -- rel.oid AS table_id, 
    con.conname AS constraint, 
    -- con.confrelid AS ref_Table_id, 
    (SELECT rel2.relname 
      FROM pg_catalog.pg_class rel2 
      WHERE rel2.oid = con.confrelid) AS ref_table_name,
    con.contype AS constraint_type,
    con.conkey AS columns_index, 
    con.confkey AS ref_columns_index
  FROM 
    pg_catalog.pg_constraint con
    INNER JOIN pg_catalog.pg_class rel
                ON rel.oid = con.conrelid
    INNER JOIN pg_catalog.pg_namespace nsp
                  ON nsp.oid = connamespace
   WHERE  nsp.nspname = 'public' 
  ORDER BY 
    rel.relname asc, con.contype desc
  
[query]:

  SELECT 
    table_schema,
    table_name,
    table_type
  FROM information_schema.tables 
  WHERE table_schema = 'pg_catalog'
  
[query]:

  SELECT 
  table_schema,
  table_name,
  column_name, 
  ordinal_position
  FROM information_schema.columns 
   WHERE  table_schema = 'pg_catalog' 
  
[query]:

  SELECT
    rel.relname AS table_name, 
    -- rel.oid AS table_id, 
    con.conname AS constraint, 
    -- con.confrelid AS ref_Table_id, 
    (SELECT rel2.relname 
      FROM pg_catalog.pg_class rel2 
      WHERE rel2.oid = con.confrelid) AS ref_table_name,
    con.contype AS constraint_type,
    con.conkey AS columns_index, 
    con.confkey AS ref_columns_index
  FROM 
    pg_catalog.pg_constraint con
    INNER JOIN pg_catalog.pg_class rel
                ON rel.oid = con.conrelid
    INNER JOIN pg_catalog.pg_namespace nsp
                  ON nsp.oid = connamespace
   WHERE  nsp.nspname = 'pg_catalog' 
  ORDER BY 
    rel.relname asc, con.contype desc
  
[query]:

  SELECT 
    table_schema,
    table_name,
    table_type
  FROM information_schema.tables 
  WHERE table_schema = 'public'
  
[query]:

  SELECT 
  table_schema,
  table_name,
  column_name, 
  ordinal_position
  FROM information_schema.columns 
   WHERE  table_schema = 'public' 
  
[query]:

  SELECT
    rel.relname AS table_name, 
    -- rel.oid AS table_id, 
    con.conname AS constraint, 
    -- con.confrelid AS ref_Table_id, 
    (SELECT rel2.relname 
      FROM pg_catalog.pg_class rel2 
      WHERE rel2.oid = con.confrelid) AS ref_table_name,
    con.contype AS constraint_type,
    con.conkey AS columns_index, 
    con.confkey AS ref_columns_index
  FROM 
    pg_catalog.pg_constraint con
    INNER JOIN pg_catalog.pg_class rel
                ON rel.oid = con.conrelid
    INNER JOIN pg_catalog.pg_namespace nsp
                  ON nsp.oid = connamespace
   WHERE  nsp.nspname = 'public' 
  ORDER BY 
    rel.relname asc, con.contype desc
  
Server is running on port: 8001
[query]:

  SELECT schema_name
  FROM information_schema.schemata
  
[query]:

  SELECT 
    table_schema,
    table_name,
    table_type
  FROM information_schema.tables 
  WHERE table_schema = 'public'
  order by table_type, table_name
  
[query]:

  SELECT 
  table_schema,
  table_name,
  column_name, 
  ordinal_position
  FROM information_schema.columns 
   WHERE  table_schema = 'public' 
  
[query]:

  SELECT
    rel.relname AS table_name, 
    -- rel.oid AS table_id, 
    con.conname AS constraint, 
    -- con.confrelid AS ref_Table_id, 
    (SELECT rel2.relname 
      FROM pg_catalog.pg_class rel2 
      WHERE rel2.oid = con.confrelid) AS ref_table_name,
    con.contype AS constraint_type,
    con.conkey AS columns_index, 
    con.confkey AS ref_columns_index
  FROM 
    pg_catalog.pg_constraint con
    INNER JOIN pg_catalog.pg_class rel
                ON rel.oid = con.conrelid
    INNER JOIN pg_catalog.pg_namespace nsp
                  ON nsp.oid = connamespace
   WHERE  nsp.nspname = 'public' 
  ORDER BY 
    rel.relname asc, con.contype desc
  
[query]:

  SELECT schema_name
  FROM information_schema.schemata
  
[query]:

  SELECT schema_name
  FROM information_schema.schemata
  
[query]:

  SELECT 
    table_schema,
    table_name,
    table_type
  FROM information_schema.tables 
  WHERE table_schema = 'pg_catalog'
  order by table_type, table_name
  
[query]:

  SELECT 
  table_schema,
  table_name,
  column_name, 
  ordinal_position
  FROM information_schema.columns 
   WHERE  table_schema = 'pg_catalog' 
  
[query]:

  SELECT
    rel.relname AS table_name, 
    -- rel.oid AS table_id, 
    con.conname AS constraint, 
    -- con.confrelid AS ref_Table_id, 
    (SELECT rel2.relname 
      FROM pg_catalog.pg_class rel2 
      WHERE rel2.oid = con.confrelid) AS ref_table_name,
    con.contype AS constraint_type,
    con.conkey AS columns_index, 
    con.confkey AS ref_columns_index
  FROM 
    pg_catalog.pg_constraint con
    INNER JOIN pg_catalog.pg_class rel
                ON rel.oid = con.conrelid
    INNER JOIN pg_catalog.pg_namespace nsp
                  ON nsp.oid = connamespace
   WHERE  nsp.nspname = 'pg_catalog' 
  ORDER BY 
    rel.relname asc, con.contype desc
  
[query]:

  SELECT schema_name
  FROM information_schema.schemata
  
[query]:

  SELECT schema_name
  FROM information_schema.schemata
  
[query]:

  SELECT 
    table_schema,
    table_name,
    table_type
  FROM information_schema.tables 
  WHERE table_schema = 'public'
  order by table_type, table_name
  
[query]:

  SELECT 
  table_schema,
  table_name,
  column_name, 
  ordinal_position
  FROM information_schema.columns 
   WHERE  table_schema = 'public' 
  
[query]:

  SELECT
    rel.relname AS table_name, 
    -- rel.oid AS table_id, 
    con.conname AS constraint, 
    -- con.confrelid AS ref_Table_id, 
    (SELECT rel2.relname 
      FROM pg_catalog.pg_class rel2 
      WHERE rel2.oid = con.confrelid) AS ref_table_name,
    con.contype AS constraint_type,
    con.conkey AS columns_index, 
    con.confkey AS ref_columns_index
  FROM 
    pg_catalog.pg_constraint con
    INNER JOIN pg_catalog.pg_class rel
                ON rel.oid = con.conrelid
    INNER JOIN pg_catalog.pg_namespace nsp
                  ON nsp.oid = connamespace
   WHERE  nsp.nspname = 'public' 
  ORDER BY 
    rel.relname asc, con.contype desc
  
[query]:

  SELECT schema_name
  FROM information_schema.schemata
  
[query]:

  SELECT schema_name
  FROM information_schema.schemata
  
[query]:

  SELECT schema_name
  FROM information_schema.schemata
  
[query]:

  SELECT schema_name
  FROM information_schema.schemata
  
[query]:

  SELECT schema_name
  FROM information_schema.schemata
  
[query]:

  SELECT 
    table_schema,
    table_name,
    table_type
  FROM information_schema.tables 
  WHERE table_schema = 'information_schema'
  order by table_type, table_name
  
[query]:

  SELECT 
  table_schema,
  table_name,
  column_name, 
  ordinal_position
  FROM information_schema.columns 
   WHERE  table_schema = 'information_schema' 
  
[query]:

  SELECT
    rel.relname AS table_name, 
    -- rel.oid AS table_id, 
    con.conname AS constraint, 
    -- con.confrelid AS ref_Table_id, 
    (SELECT rel2.relname 
      FROM pg_catalog.pg_class rel2 
      WHERE rel2.oid = con.confrelid) AS ref_table_name,
    con.contype AS constraint_type,
    con.conkey AS columns_index, 
    con.confkey AS ref_columns_index
  FROM 
    pg_catalog.pg_constraint con
    INNER JOIN pg_catalog.pg_class rel
                ON rel.oid = con.conrelid
    INNER JOIN pg_catalog.pg_namespace nsp
                  ON nsp.oid = connamespace
   WHERE  nsp.nspname = 'information_schema' 
  ORDER BY 
    rel.relname asc, con.contype desc
  
[query]:

  SELECT schema_name
  FROM information_schema.schemata
  
[query]:

  SELECT 
    table_schema,
    table_name,
    table_type
  FROM information_schema.tables 
  WHERE table_schema = 'public'
  order by table_type, table_name
  
[query]:

  SELECT 
  table_schema,
  table_name,
  column_name, 
  ordinal_position
  FROM information_schema.columns 
   WHERE  table_schema = 'public' 
  
[query]:

  SELECT
    rel.relname AS table_name, 
    -- rel.oid AS table_id, 
    con.conname AS constraint, 
    -- con.confrelid AS ref_Table_id, 
    (SELECT rel2.relname 
      FROM pg_catalog.pg_class rel2 
      WHERE rel2.oid = con.confrelid) AS ref_table_name,
    con.contype AS constraint_type,
    con.conkey AS columns_index, 
    con.confkey AS ref_columns_index
  FROM 
    pg_catalog.pg_constraint con
    INNER JOIN pg_catalog.pg_class rel
                ON rel.oid = con.conrelid
    INNER JOIN pg_catalog.pg_namespace nsp
                  ON nsp.oid = connamespace
   WHERE  nsp.nspname = 'public' 
  ORDER BY 
    rel.relname asc, con.contype desc
  
[query]:

  SELECT schema_name
  FROM information_schema.schemata
  
[query]:

  SELECT schema_name
  FROM information_schema.schemata
  
[query]:

  SELECT 
    table_schema,
    table_name,
    table_type
  FROM information_schema.tables 
  WHERE table_schema = 'public'
  order by table_type, table_name
  
[query]:

  SELECT 
  table_schema,
  table_name,
  column_name, 
  ordinal_position
  FROM information_schema.columns 
   WHERE  table_schema = 'public' 
  
[query]:

  SELECT
    rel.relname AS table_name, 
    -- rel.oid AS table_id, 
    con.conname AS constraint, 
    -- con.confrelid AS ref_Table_id, 
    (SELECT rel2.relname 
      FROM pg_catalog.pg_class rel2 
      WHERE rel2.oid = con.confrelid) AS ref_table_name,
    con.contype AS constraint_type,
    con.conkey AS columns_index, 
    con.confkey AS ref_columns_index
  FROM 
    pg_catalog.pg_constraint con
    INNER JOIN pg_catalog.pg_class rel
                ON rel.oid = con.conrelid
    INNER JOIN pg_catalog.pg_namespace nsp
                  ON nsp.oid = connamespace
   WHERE  nsp.nspname = 'public' 
  ORDER BY 
    rel.relname asc, con.contype desc
  
[query]:

  SELECT schema_name
  FROM information_schema.schemata
  
[query]:

  SELECT 
    table_schema,
    table_name,
    table_type
  FROM information_schema.tables 
  WHERE table_schema = 'public'
  order by table_type, table_name
  
[query]:

  SELECT 
  table_schema,
  table_name,
  column_name, 
  ordinal_position
  FROM information_schema.columns 
   WHERE  table_schema = 'public' 
  
[query]:

  SELECT
    rel.relname AS table_name, 
    -- rel.oid AS table_id, 
    con.conname AS constraint, 
    -- con.confrelid AS ref_Table_id, 
    (SELECT rel2.relname 
      FROM pg_catalog.pg_class rel2 
      WHERE rel2.oid = con.confrelid) AS ref_table_name,
    con.contype AS constraint_type,
    con.conkey AS columns_index, 
    con.confkey AS ref_columns_index
  FROM 
    pg_catalog.pg_constraint con
    INNER JOIN pg_catalog.pg_class rel
                ON rel.oid = con.conrelid
    INNER JOIN pg_catalog.pg_namespace nsp
                  ON nsp.oid = connamespace
   WHERE  nsp.nspname = 'public' 
  ORDER BY 
    rel.relname asc, con.contype desc
  
[query]:

  SELECT schema_name
  FROM information_schema.schemata
  
[query]:

  SELECT 
    table_schema,
    table_name,
    table_type
  FROM information_schema.tables 
  WHERE table_schema = 'public'
  order by table_type, table_name
  
[query]:

  SELECT 
  table_schema,
  table_name,
  column_name, 
  ordinal_position
  FROM information_schema.columns 
   WHERE  table_schema = 'public' 
  
[query]:

  SELECT
    rel.relname AS table_name, 
    -- rel.oid AS table_id, 
    con.conname AS constraint, 
    -- con.confrelid AS ref_Table_id, 
    (SELECT rel2.relname 
      FROM pg_catalog.pg_class rel2 
      WHERE rel2.oid = con.confrelid) AS ref_table_name,
    con.contype AS constraint_type,
    con.conkey AS columns_index, 
    con.confkey AS ref_columns_index
  FROM 
    pg_catalog.pg_constraint con
    INNER JOIN pg_catalog.pg_class rel
                ON rel.oid = con.conrelid
    INNER JOIN pg_catalog.pg_namespace nsp
                  ON nsp.oid = connamespace
   WHERE  nsp.nspname = 'public' 
  ORDER BY 
    rel.relname asc, con.contype desc
  
[query]:

  SELECT schema_name
  FROM information_schema.schemata
  
[query]:

  SELECT 
    table_schema,
    table_name,
    table_type
  FROM information_schema.tables 
  WHERE table_schema = 'public'
  order by table_type, table_name
  
[query]:

  SELECT 
  table_schema,
  table_name,
  column_name, 
  ordinal_position
  FROM information_schema.columns 
   WHERE  table_schema = 'public' 
  
[query]:

  SELECT
    rel.relname AS table_name, 
    -- rel.oid AS table_id, 
    con.conname AS constraint, 
    -- con.confrelid AS ref_Table_id, 
    (SELECT rel2.relname 
      FROM pg_catalog.pg_class rel2 
      WHERE rel2.oid = con.confrelid) AS ref_table_name,
    con.contype AS constraint_type,
    con.conkey AS columns_index, 
    con.confkey AS ref_columns_index
  FROM 
    pg_catalog.pg_constraint con
    INNER JOIN pg_catalog.pg_class rel
                ON rel.oid = con.conrelid
    INNER JOIN pg_catalog.pg_namespace nsp
                  ON nsp.oid = connamespace
   WHERE  nsp.nspname = 'public' 
  ORDER BY 
    rel.relname asc, con.contype desc
  
[query]:

  SELECT schema_name
  FROM information_schema.schemata
  
[query]:

  SELECT 
    table_schema,
    table_name,
    table_type
  FROM information_schema.tables 
  WHERE table_schema = 'public'
  order by table_type, table_name
  
[query]:

  SELECT 
  table_schema,
  table_name,
  column_name, 
  ordinal_position
  FROM information_schema.columns 
   WHERE  table_schema = 'public' 
  
[query]:

  SELECT
    rel.relname AS table_name, 
    -- rel.oid AS table_id, 
    con.conname AS constraint, 
    -- con.confrelid AS ref_Table_id, 
    (SELECT rel2.relname 
      FROM pg_catalog.pg_class rel2 
      WHERE rel2.oid = con.confrelid) AS ref_table_name,
    con.contype AS constraint_type,
    con.conkey AS columns_index, 
    con.confkey AS ref_columns_index
  FROM 
    pg_catalog.pg_constraint con
    INNER JOIN pg_catalog.pg_class rel
                ON rel.oid = con.conrelid
    INNER JOIN pg_catalog.pg_namespace nsp
                  ON nsp.oid = connamespace
   WHERE  nsp.nspname = 'public' 
  ORDER BY 
    rel.relname asc, con.contype desc
  
[query]:

  SELECT schema_name
  FROM information_schema.schemata
  
[query]:

  SELECT 
    table_schema,
    table_name,
    table_type
  FROM information_schema.tables 
  WHERE table_schema = 'public'
  order by table_type, table_name
  
[query]:

  SELECT 
  table_schema,
  table_name,
  column_name, 
  ordinal_position
  FROM information_schema.columns 
   WHERE  table_schema = 'public' 
  
[query]:

  SELECT
    rel.relname AS table_name, 
    -- rel.oid AS table_id, 
    con.conname AS constraint, 
    -- con.confrelid AS ref_Table_id, 
    (SELECT rel2.relname 
      FROM pg_catalog.pg_class rel2 
      WHERE rel2.oid = con.confrelid) AS ref_table_name,
    con.contype AS constraint_type,
    con.conkey AS columns_index, 
    con.confkey AS ref_columns_index
  FROM 
    pg_catalog.pg_constraint con
    INNER JOIN pg_catalog.pg_class rel
                ON rel.oid = con.conrelid
    INNER JOIN pg_catalog.pg_namespace nsp
                  ON nsp.oid = connamespace
   WHERE  nsp.nspname = 'public' 
  ORDER BY 
    rel.relname asc, con.contype desc
  
[query]:

  SELECT schema_name
  FROM information_schema.schemata
  
[query]:

  SELECT 
    table_schema,
    table_name,
    table_type
  FROM information_schema.tables 
  WHERE table_schema = 'public'
  order by table_type, table_name
  
[query]:

  SELECT 
  table_schema,
  table_name,
  column_name, 
  ordinal_position
  FROM information_schema.columns 
   WHERE  table_schema = 'public' 
  
[query]:

  SELECT
    rel.relname AS table_name, 
    -- rel.oid AS table_id, 
    con.conname AS constraint, 
    -- con.confrelid AS ref_Table_id, 
    (SELECT rel2.relname 
      FROM pg_catalog.pg_class rel2 
      WHERE rel2.oid = con.confrelid) AS ref_table_name,
    con.contype AS constraint_type,
    con.conkey AS columns_index, 
    con.confkey AS ref_columns_index
  FROM 
    pg_catalog.pg_constraint con
    INNER JOIN pg_catalog.pg_class rel
                ON rel.oid = con.conrelid
    INNER JOIN pg_catalog.pg_namespace nsp
                  ON nsp.oid = connamespace
   WHERE  nsp.nspname = 'public' 
  ORDER BY 
    rel.relname asc, con.contype desc
  
[query]:

  SELECT schema_name
  FROM information_schema.schemata
  
[query]:

  SELECT 
    table_schema,
    table_name,
    table_type
  FROM information_schema.tables 
  WHERE table_schema = 'public'
  order by table_type, table_name
  
[query]:

  SELECT 
  table_schema,
  table_name,
  column_name, 
  ordinal_position
  FROM information_schema.columns 
   WHERE  table_schema = 'public' 
  
[query]:

  SELECT
    rel.relname AS table_name, 
    -- rel.oid AS table_id, 
    con.conname AS constraint, 
    -- con.confrelid AS ref_Table_id, 
    (SELECT rel2.relname 
      FROM pg_catalog.pg_class rel2 
      WHERE rel2.oid = con.confrelid) AS ref_table_name,
    con.contype AS constraint_type,
    con.conkey AS columns_index, 
    con.confkey AS ref_columns_index
  FROM 
    pg_catalog.pg_constraint con
    INNER JOIN pg_catalog.pg_class rel
                ON rel.oid = con.conrelid
    INNER JOIN pg_catalog.pg_namespace nsp
                  ON nsp.oid = connamespace
   WHERE  nsp.nspname = 'public' 
  ORDER BY 
    rel.relname asc, con.contype desc
  
[query]:

  SELECT schema_name
  FROM information_schema.schemata
  
[query]:

  SELECT 
    table_schema,
    table_name,
    table_type
  FROM information_schema.tables 
  WHERE table_schema = 'public'
  order by table_type, table_name
  
[query]:

  SELECT 
  table_schema,
  table_name,
  column_name, 
  ordinal_position
  FROM information_schema.columns 
   WHERE  table_schema = 'public' 
  
[query]:

  SELECT
    rel.relname AS table_name, 
    -- rel.oid AS table_id, 
    con.conname AS constraint, 
    -- con.confrelid AS ref_Table_id, 
    (SELECT rel2.relname 
      FROM pg_catalog.pg_class rel2 
      WHERE rel2.oid = con.confrelid) AS ref_table_name,
    con.contype AS constraint_type,
    con.conkey AS columns_index, 
    con.confkey AS ref_columns_index
  FROM 
    pg_catalog.pg_constraint con
    INNER JOIN pg_catalog.pg_class rel
                ON rel.oid = con.conrelid
    INNER JOIN pg_catalog.pg_namespace nsp
                  ON nsp.oid = connamespace
   WHERE  nsp.nspname = 'public' 
  ORDER BY 
    rel.relname asc, con.contype desc
  
[query]:

  SELECT schema_name
  FROM information_schema.schemata
  
[query]:

  SELECT 
    table_schema,
    table_name,
    table_type
  FROM information_schema.tables 
  WHERE table_schema = 'public'
  order by table_type, table_name
  
[query]:

  SELECT 
  table_schema,
  table_name,
  column_name, 
  ordinal_position
  FROM information_schema.columns 
   WHERE  table_schema = 'public' 
  
[query]:

  SELECT
    rel.relname AS table_name, 
    -- rel.oid AS table_id, 
    con.conname AS constraint, 
    -- con.confrelid AS ref_Table_id, 
    (SELECT rel2.relname 
      FROM pg_catalog.pg_class rel2 
      WHERE rel2.oid = con.confrelid) AS ref_table_name,
    con.contype AS constraint_type,
    con.conkey AS columns_index, 
    con.confkey AS ref_columns_index
  FROM 
    pg_catalog.pg_constraint con
    INNER JOIN pg_catalog.pg_class rel
                ON rel.oid = con.conrelid
    INNER JOIN pg_catalog.pg_namespace nsp
                  ON nsp.oid = connamespace
   WHERE  nsp.nspname = 'public' 
  ORDER BY 
    rel.relname asc, con.contype desc
  
[query]:

  SELECT schema_name
  FROM information_schema.schemata
  
[query]:

  SELECT 
    table_schema,
    table_name,
    table_type
  FROM information_schema.tables 
  WHERE table_schema = 'public'
  order by table_type, table_name
  
[query]:

  SELECT 
  table_schema,
  table_name,
  column_name, 
  ordinal_position
  FROM information_schema.columns 
   WHERE  table_schema = 'public' 
  
[query]:

  SELECT
    rel.relname AS table_name, 
    -- rel.oid AS table_id, 
    con.conname AS constraint, 
    -- con.confrelid AS ref_Table_id, 
    (SELECT rel2.relname 
      FROM pg_catalog.pg_class rel2 
      WHERE rel2.oid = con.confrelid) AS ref_table_name,
    con.contype AS constraint_type,
    con.conkey AS columns_index, 
    con.confkey AS ref_columns_index
  FROM 
    pg_catalog.pg_constraint con
    INNER JOIN pg_catalog.pg_class rel
                ON rel.oid = con.conrelid
    INNER JOIN pg_catalog.pg_namespace nsp
                  ON nsp.oid = connamespace
   WHERE  nsp.nspname = 'public' 
  ORDER BY 
    rel.relname asc, con.contype desc
  
[query]:

  SELECT schema_name
  FROM information_schema.schemata
  
[query]:

  SELECT schema_name
  FROM information_schema.schemata
  
[query]:

  SELECT 
    table_schema,
    table_name,
    table_type
  FROM information_schema.tables 
  WHERE table_schema = 'public'
  order by table_type, table_name
  
[query]:

  SELECT 
  table_schema,
  table_name,
  column_name, 
  ordinal_position
  FROM information_schema.columns 
   WHERE  table_schema = 'public' 
  
[query]:

  SELECT
    rel.relname AS table_name, 
    -- rel.oid AS table_id, 
    con.conname AS constraint, 
    -- con.confrelid AS ref_Table_id, 
    (SELECT rel2.relname 
      FROM pg_catalog.pg_class rel2 
      WHERE rel2.oid = con.confrelid) AS ref_table_name,
    con.contype AS constraint_type,
    con.conkey AS columns_index, 
    con.confkey AS ref_columns_index
  FROM 
    pg_catalog.pg_constraint con
    INNER JOIN pg_catalog.pg_class rel
                ON rel.oid = con.conrelid
    INNER JOIN pg_catalog.pg_namespace nsp
                  ON nsp.oid = connamespace
   WHERE  nsp.nspname = 'public' 
  ORDER BY 
    rel.relname asc, con.contype desc
  
[query]:

  SELECT schema_name
  FROM information_schema.schemata
  
[query]:

  SELECT 
    table_schema,
    table_name,
    table_type
  FROM information_schema.tables 
  WHERE table_schema = 'public'
  order by table_type, table_name
  
[query]:

  SELECT 
  table_schema,
  table_name,
  column_name, 
  ordinal_position
  FROM information_schema.columns 
   WHERE  table_schema = 'public' 
  
[query]:

  SELECT
    rel.relname AS table_name, 
    -- rel.oid AS table_id, 
    con.conname AS constraint, 
    -- con.confrelid AS ref_Table_id, 
    (SELECT rel2.relname 
      FROM pg_catalog.pg_class rel2 
      WHERE rel2.oid = con.confrelid) AS ref_table_name,
    con.contype AS constraint_type,
    con.conkey AS columns_index, 
    con.confkey AS ref_columns_index
  FROM 
    pg_catalog.pg_constraint con
    INNER JOIN pg_catalog.pg_class rel
                ON rel.oid = con.conrelid
    INNER JOIN pg_catalog.pg_namespace nsp
                  ON nsp.oid = connamespace
   WHERE  nsp.nspname = 'public' 
  ORDER BY 
    rel.relname asc, con.contype desc
  
[query]:

  SELECT schema_name
  FROM information_schema.schemata
  
[query]:

  SELECT 
    table_schema,
    table_name,
    table_type
  FROM information_schema.tables 
  WHERE table_schema = 'public'
  order by table_type, table_name
  
[query]:

  SELECT 
  table_schema,
  table_name,
  column_name, 
  ordinal_position
  FROM information_schema.columns 
   WHERE  table_schema = 'public' 
  
[query]:

  SELECT
    rel.relname AS table_name, 
    -- rel.oid AS table_id, 
    con.conname AS constraint, 
    -- con.confrelid AS ref_Table_id, 
    (SELECT rel2.relname 
      FROM pg_catalog.pg_class rel2 
      WHERE rel2.oid = con.confrelid) AS ref_table_name,
    con.contype AS constraint_type,
    con.conkey AS columns_index, 
    con.confkey AS ref_columns_index
  FROM 
    pg_catalog.pg_constraint con
    INNER JOIN pg_catalog.pg_class rel
                ON rel.oid = con.conrelid
    INNER JOIN pg_catalog.pg_namespace nsp
                  ON nsp.oid = connamespace
   WHERE  nsp.nspname = 'public' 
  ORDER BY 
    rel.relname asc, con.contype desc
  
[query]:

  SELECT schema_name
  FROM information_schema.schemata
  
[query]:

  SELECT 
    table_schema,
    table_name,
    table_type
  FROM information_schema.tables 
  WHERE table_schema = 'public'
  order by table_type, table_name
  
[query]:

  SELECT 
  table_schema,
  table_name,
  column_name, 
  ordinal_position
  FROM information_schema.columns 
   WHERE  table_schema = 'public' 
  
[query]:

  SELECT
    rel.relname AS table_name, 
    -- rel.oid AS table_id, 
    con.conname AS constraint, 
    -- con.confrelid AS ref_Table_id, 
    (SELECT rel2.relname 
      FROM pg_catalog.pg_class rel2 
      WHERE rel2.oid = con.confrelid) AS ref_table_name,
    con.contype AS constraint_type,
    con.conkey AS columns_index, 
    con.confkey AS ref_columns_index
  FROM 
    pg_catalog.pg_constraint con
    INNER JOIN pg_catalog.pg_class rel
                ON rel.oid = con.conrelid
    INNER JOIN pg_catalog.pg_namespace nsp
                  ON nsp.oid = connamespace
   WHERE  nsp.nspname = 'public' 
  ORDER BY 
    rel.relname asc, con.contype desc
  
[query]:

  SELECT schema_name
  FROM information_schema.schemata
  
[query]:

  SELECT 
    table_schema,
    table_name,
    table_type
  FROM information_schema.tables 
  WHERE table_schema = 'public'
  order by table_type, table_name
  
[query]:

  SELECT 
  table_schema,
  table_name,
  column_name, 
  ordinal_position
  FROM information_schema.columns 
   WHERE  table_schema = 'public' 
  
[query]:

  SELECT
    rel.relname AS table_name, 
    -- rel.oid AS table_id, 
    con.conname AS constraint, 
    -- con.confrelid AS ref_Table_id, 
    (SELECT rel2.relname 
      FROM pg_catalog.pg_class rel2 
      WHERE rel2.oid = con.confrelid) AS ref_table_name,
    con.contype AS constraint_type,
    con.conkey AS columns_index, 
    con.confkey AS ref_columns_index
  FROM 
    pg_catalog.pg_constraint con
    INNER JOIN pg_catalog.pg_class rel
                ON rel.oid = con.conrelid
    INNER JOIN pg_catalog.pg_namespace nsp
                  ON nsp.oid = connamespace
   WHERE  nsp.nspname = 'public' 
  ORDER BY 
    rel.relname asc, con.contype desc
  
[query]:

  SELECT schema_name
  FROM information_schema.schemata
  
[query]:

  SELECT 
    table_schema,
    table_name,
    table_type
  FROM information_schema.tables 
  WHERE table_schema = 'public'
  order by table_type, table_name
  
[query]:

  SELECT 
  table_schema,
  table_name,
  column_name, 
  ordinal_position
  FROM information_schema.columns 
   WHERE  table_schema = 'public' 
  
[query]:

  SELECT
    rel.relname AS table_name, 
    -- rel.oid AS table_id, 
    con.conname AS constraint, 
    -- con.confrelid AS ref_Table_id, 
    (SELECT rel2.relname 
      FROM pg_catalog.pg_class rel2 
      WHERE rel2.oid = con.confrelid) AS ref_table_name,
    con.contype AS constraint_type,
    con.conkey AS columns_index, 
    con.confkey AS ref_columns_index
  FROM 
    pg_catalog.pg_constraint con
    INNER JOIN pg_catalog.pg_class rel
                ON rel.oid = con.conrelid
    INNER JOIN pg_catalog.pg_namespace nsp
                  ON nsp.oid = connamespace
   WHERE  nsp.nspname = 'public' 
  ORDER BY 
    rel.relname asc, con.contype desc
  
[query]:

  SELECT schema_name
  FROM information_schema.schemata
  
[query]:

  SELECT schema_name
  FROM information_schema.schemata
  
[query]:

  SELECT 
    table_schema,
    table_name,
    table_type
  FROM information_schema.tables 
  WHERE table_schema = 'public'
  order by table_type, table_name
  
[query]:

  SELECT 
  table_schema,
  table_name,
  column_name, 
  ordinal_position
  FROM information_schema.columns 
   WHERE  table_schema = 'public' 
  
[query]:

  SELECT
    rel.relname AS table_name, 
    -- rel.oid AS table_id, 
    con.conname AS constraint, 
    -- con.confrelid AS ref_Table_id, 
    (SELECT rel2.relname 
      FROM pg_catalog.pg_class rel2 
      WHERE rel2.oid = con.confrelid) AS ref_table_name,
    con.contype AS constraint_type,
    con.conkey AS columns_index, 
    con.confkey AS ref_columns_index
  FROM 
    pg_catalog.pg_constraint con
    INNER JOIN pg_catalog.pg_class rel
                ON rel.oid = con.conrelid
    INNER JOIN pg_catalog.pg_namespace nsp
                  ON nsp.oid = connamespace
   WHERE  nsp.nspname = 'public' 
  ORDER BY 
    rel.relname asc, con.contype desc
  
